
	Solution from Scipy SLSQP:
	----------------------------------------------------------------------------------------------------
	Problem                  : induced_drag_minimization
	Solver                   : scipy-slsqp
	Success                  : True
	Message                  : Optimization terminated successfully
	Status                   : 0
	Total time               : 0.002002239227294922
	Objective                : 2.682236538621428e-10
	Gradient norm            : 49.33593827087403
	Total function evals     : 2
	Total gradient evals     : 2
	Major iterations         : 2
	Total callbacks          : 4
	Reused callbacks         : 0
	obj callbacks            : 2
	grad callbacks           : 2
	hess callbacks           : 0
	con callbacks            : 0
	jac callbacks            : 0
	Optimal variables        : [ 0.66666667  0.          0.          1.09728     0.         -1.3962634
  0.        ]
	Optimal obj. gradient    : [ 0.          0.          0.          0.          0.          0.
 49.33593827]
	----------------------------------------------------------------------------------------------------
