
	Solution from Scipy SLSQP:
	----------------------------------------------------------------------------------------------------
	Problem                  : induced_drag_minimization
	Solver                   : scipy-slsqp
	Success                  : True
	Message                  : Optimization terminated successfully
	Status                   : 0
	Total time               : 1.8284697532653809
	Objective                : 0.9652219545116095
	Gradient norm            : 9.988065272995797
	Total function evals     : 6
	Total gradient evals     : 6
	Major iterations         : 6
	Total callbacks          : 25
	Reused callbacks         : 0
	obj callbacks            : 6
	grad callbacks           : 6
	hess callbacks           : 0
	con callbacks            : 7
	jac callbacks            : 6
	Optimal variables        : [ 1.4475     -0.34906585 -0.26922412  0.04778786]
	Optimal obj. gradient    : [0.41241572 3.88001229 5.26040445 7.54088926]
	----------------------------------------------------------------------------------------------------
